{"C:\\Users\\91823\\Desktop\\RippleTalk\\backend\\server.js": {"path":"C:\\Users\\91823\\Desktop\\RippleTalk\\backend\\server.js","statementMap":{"0":{"start":{"line":1,"column":0},"end":{"line":1,"column":27}},"1":{"start":{"line":2,"column":16},"end":{"line":2,"column":34}},"2":{"start":{"line":3,"column":17},"end":{"line":3,"column":36}},"3":{"start":{"line":4,"column":15},"end":{"line":4,"column":32}},"4":{"start":{"line":5,"column":12},"end":{"line":5,"column":35}},"5":{"start":{"line":6,"column":13},"end":{"line":6,"column":28}},"6":{"start":{"line":8,"column":13},"end":{"line":8,"column":37}},"7":{"start":{"line":9,"column":13},"end":{"line":9,"column":37}},"8":{"start":{"line":10,"column":15},"end":{"line":10,"column":41}},"9":{"start":{"line":12,"column":12},"end":{"line":12,"column":21}},"10":{"start":{"line":13,"column":0},"end":{"line":13,"column":24}},"11":{"start":{"line":16,"column":0},"end":{"line":22,"column":2}},"12":{"start":{"line":26,"column":21},"end":{"line":26,"column":46}},"13":{"start":{"line":27,"column":2},"end":{"line":31,"column":3}},"14":{"start":{"line":28,"column":4},"end":{"line":30,"column":62}},"15":{"start":{"line":33,"column":16},"end":{"line":33,"column":40}},"16":{"start":{"line":34,"column":2},"end":{"line":40,"column":3}},"17":{"start":{"line":35,"column":20},"end":{"line":35,"column":61}},"18":{"start":{"line":36,"column":4},"end":{"line":36,"column":23}},"19":{"start":{"line":37,"column":4},"end":{"line":37,"column":11}},"20":{"start":{"line":39,"column":4},"end":{"line":39,"column":66}},"21":{"start":{"line":46,"column":0},"end":{"line":78,"column":3}},"22":{"start":{"line":47,"column":2},"end":{"line":77,"column":3}},"23":{"start":{"line":48,"column":42},"end":{"line":48,"column":50}},"24":{"start":{"line":50,"column":4},"end":{"line":51,"column":74}},"25":{"start":{"line":51,"column":6},"end":{"line":51,"column":74}},"26":{"start":{"line":53,"column":25},"end":{"line":53,"column":54}},"27":{"start":{"line":54,"column":4},"end":{"line":55,"column":70}},"28":{"start":{"line":55,"column":6},"end":{"line":55,"column":70}},"29":{"start":{"line":57,"column":27},"end":{"line":57,"column":58}},"30":{"start":{"line":59,"column":20},"end":{"line":63,"column":6}},"31":{"start":{"line":65,"column":4},"end":{"line":65,"column":25}},"32":{"start":{"line":67,"column":4},"end":{"line":74,"column":7}},"33":{"start":{"line":76,"column":4},"end":{"line":76,"column":51}},"34":{"start":{"line":81,"column":0},"end":{"line":112,"column":3}},"35":{"start":{"line":82,"column":2},"end":{"line":111,"column":3}},"36":{"start":{"line":83,"column":32},"end":{"line":83,"column":40}},"37":{"start":{"line":85,"column":4},"end":{"line":86,"column":78}},"38":{"start":{"line":86,"column":6},"end":{"line":86,"column":78}},"39":{"start":{"line":88,"column":17},"end":{"line":88,"column":46}},"40":{"start":{"line":89,"column":4},"end":{"line":89,"column":73}},"41":{"start":{"line":89,"column":15},"end":{"line":89,"column":73}},"42":{"start":{"line":91,"column":20},"end":{"line":91,"column":65}},"43":{"start":{"line":92,"column":4},"end":{"line":92,"column":79}},"44":{"start":{"line":92,"column":18},"end":{"line":92,"column":79}},"45":{"start":{"line":94,"column":18},"end":{"line":98,"column":5}},"46":{"start":{"line":100,"column":4},"end":{"line":108,"column":7}},"47":{"start":{"line":110,"column":4},"end":{"line":110,"column":51}},"48":{"start":{"line":115,"column":0},"end":{"line":123,"column":3}},"49":{"start":{"line":116,"column":2},"end":{"line":122,"column":3}},"50":{"start":{"line":117,"column":17},"end":{"line":117,"column":69}},"51":{"start":{"line":118,"column":4},"end":{"line":118,"column":74}},"52":{"start":{"line":118,"column":15},"end":{"line":118,"column":74}},"53":{"start":{"line":119,"column":4},"end":{"line":119,"column":19}},"54":{"start":{"line":121,"column":4},"end":{"line":121,"column":51}},"55":{"start":{"line":128,"column":0},"end":{"line":137,"column":3}},"56":{"start":{"line":129,"column":2},"end":{"line":136,"column":3}},"57":{"start":{"line":130,"column":18},"end":{"line":132,"column":6}},"58":{"start":{"line":133,"column":4},"end":{"line":133,"column":20}},"59":{"start":{"line":135,"column":4},"end":{"line":135,"column":51}},"60":{"start":{"line":140,"column":0},"end":{"line":148,"column":3}},"61":{"start":{"line":141,"column":2},"end":{"line":147,"column":3}},"62":{"start":{"line":142,"column":17},"end":{"line":142,"column":51}},"63":{"start":{"line":143,"column":4},"end":{"line":143,"column":74}},"64":{"start":{"line":143,"column":15},"end":{"line":143,"column":74}},"65":{"start":{"line":144,"column":4},"end":{"line":144,"column":19}},"66":{"start":{"line":146,"column":4},"end":{"line":146,"column":57}},"67":{"start":{"line":151,"column":0},"end":{"line":177,"column":3}},"68":{"start":{"line":152,"column":2},"end":{"line":176,"column":3}},"69":{"start":{"line":153,"column":30},"end":{"line":153,"column":38}},"70":{"start":{"line":154,"column":4},"end":{"line":155,"column":80}},"71":{"start":{"line":155,"column":6},"end":{"line":155,"column":80}},"72":{"start":{"line":157,"column":20},"end":{"line":161,"column":6}},"73":{"start":{"line":163,"column":4},"end":{"line":163,"column":25}},"74":{"start":{"line":166,"column":4},"end":{"line":168,"column":7}},"75":{"start":{"line":170,"column":4},"end":{"line":173,"column":7}},"76":{"start":{"line":175,"column":4},"end":{"line":175,"column":51}},"77":{"start":{"line":181,"column":0},"end":{"line":213,"column":3}},"78":{"start":{"line":182,"column":2},"end":{"line":212,"column":3}},"79":{"start":{"line":183,"column":19},"end":{"line":183,"column":30}},"80":{"start":{"line":186,"column":17},"end":{"line":186,"column":44}},"81":{"start":{"line":187,"column":4},"end":{"line":187,"column":74}},"82":{"start":{"line":187,"column":15},"end":{"line":187,"column":74}},"83":{"start":{"line":190,"column":22},"end":{"line":190,"column":65}},"84":{"start":{"line":193,"column":24},"end":{"line":193,"column":38}},"85":{"start":{"line":196,"column":4},"end":{"line":196,"column":40}},"86":{"start":{"line":197,"column":4},"end":{"line":197,"column":41}},"87":{"start":{"line":199,"column":4},"end":{"line":199,"column":22}},"88":{"start":{"line":201,"column":4},"end":{"line":208,"column":7}},"89":{"start":{"line":210,"column":4},"end":{"line":210,"column":55}},"90":{"start":{"line":211,"column":4},"end":{"line":211,"column":71}},"91":{"start":{"line":216,"column":0},"end":{"line":233,"column":3}},"92":{"start":{"line":217,"column":2},"end":{"line":232,"column":3}},"93":{"start":{"line":218,"column":17},"end":{"line":218,"column":51}},"94":{"start":{"line":219,"column":4},"end":{"line":219,"column":74}},"95":{"start":{"line":219,"column":15},"end":{"line":219,"column":74}},"96":{"start":{"line":221,"column":4},"end":{"line":224,"column":65}},"97":{"start":{"line":222,"column":6},"end":{"line":224,"column":65}},"98":{"start":{"line":226,"column":4},"end":{"line":226,"column":48}},"99":{"start":{"line":227,"column":4},"end":{"line":227,"column":78}},"100":{"start":{"line":229,"column":4},"end":{"line":229,"column":55}},"101":{"start":{"line":231,"column":4},"end":{"line":231,"column":51}},"102":{"start":{"line":238,"column":0},"end":{"line":247,"column":3}},"103":{"start":{"line":239,"column":2},"end":{"line":246,"column":3}},"104":{"start":{"line":240,"column":18},"end":{"line":242,"column":30}},"105":{"start":{"line":243,"column":4},"end":{"line":243,"column":20}},"106":{"start":{"line":245,"column":4},"end":{"line":245,"column":51}},"107":{"start":{"line":250,"column":0},"end":{"line":293,"column":3}},"108":{"start":{"line":251,"column":2},"end":{"line":292,"column":3}},"109":{"start":{"line":252,"column":19},"end":{"line":252,"column":59}},"110":{"start":{"line":254,"column":18},"end":{"line":279,"column":6}},"111":{"start":{"line":282,"column":22},"end":{"line":286,"column":6}},"112":{"start":{"line":283,"column":19},"end":{"line":283,"column":71}},"113":{"start":{"line":283,"column":41},"end":{"line":283,"column":58}},"114":{"start":{"line":284,"column":18},"end":{"line":284,"column":69}},"115":{"start":{"line":284,"column":40},"end":{"line":284,"column":56}},"116":{"start":{"line":285,"column":6},"end":{"line":285,"column":60}},"117":{"start":{"line":288,"column":4},"end":{"line":288,"column":24}},"118":{"start":{"line":290,"column":4},"end":{"line":290,"column":59}},"119":{"start":{"line":291,"column":4},"end":{"line":291,"column":69}},"120":{"start":{"line":298,"column":14},"end":{"line":320,"column":1}},"121":{"start":{"line":299,"column":2},"end":{"line":319,"column":3}},"122":{"start":{"line":301,"column":4},"end":{"line":306,"column":5}},"123":{"start":{"line":302,"column":6},"end":{"line":302,"column":52}},"124":{"start":{"line":303,"column":6},"end":{"line":303,"column":43}},"125":{"start":{"line":305,"column":6},"end":{"line":305,"column":59}},"126":{"start":{"line":309,"column":4},"end":{"line":315,"column":5}},"127":{"start":{"line":310,"column":6},"end":{"line":312,"column":9}},"128":{"start":{"line":311,"column":8},"end":{"line":311,"column":76}},"129":{"start":{"line":314,"column":6},"end":{"line":314,"column":72}},"130":{"start":{"line":317,"column":4},"end":{"line":317,"column":64}},"131":{"start":{"line":318,"column":4},"end":{"line":318,"column":57}},"132":{"start":{"line":318,"column":41},"end":{"line":318,"column":57}},"133":{"start":{"line":322,"column":0},"end":{"line":322,"column":8}},"134":{"start":{"line":325,"column":0},"end":{"line":325,"column":21}}},"fnMap":{"0":{"name":"verifyToken","decl":{"start":{"line":25,"column":9},"end":{"line":25,"column":20}},"loc":{"start":{"line":25,"column":37},"end":{"line":41,"column":1}},"line":25},"1":{"name":"(anonymous_1)","decl":{"start":{"line":46,"column":22},"end":{"line":46,"column":23}},"loc":{"start":{"line":46,"column":42},"end":{"line":78,"column":1}},"line":46},"2":{"name":"(anonymous_2)","decl":{"start":{"line":81,"column":19},"end":{"line":81,"column":20}},"loc":{"start":{"line":81,"column":39},"end":{"line":112,"column":1}},"line":81},"3":{"name":"(anonymous_3)","decl":{"start":{"line":115,"column":33},"end":{"line":115,"column":34}},"loc":{"start":{"line":115,"column":53},"end":{"line":123,"column":1}},"line":115},"4":{"name":"(anonymous_4)","decl":{"start":{"line":128,"column":34},"end":{"line":128,"column":35}},"loc":{"start":{"line":128,"column":54},"end":{"line":137,"column":1}},"line":128},"5":{"name":"(anonymous_5)","decl":{"start":{"line":140,"column":22},"end":{"line":140,"column":23}},"loc":{"start":{"line":140,"column":42},"end":{"line":148,"column":1}},"line":140},"6":{"name":"(anonymous_6)","decl":{"start":{"line":151,"column":32},"end":{"line":151,"column":33}},"loc":{"start":{"line":151,"column":52},"end":{"line":177,"column":1}},"line":151},"7":{"name":"(anonymous_7)","decl":{"start":{"line":181,"column":40},"end":{"line":181,"column":41}},"loc":{"start":{"line":181,"column":60},"end":{"line":213,"column":1}},"line":181},"8":{"name":"(anonymous_8)","decl":{"start":{"line":216,"column":38},"end":{"line":216,"column":39}},"loc":{"start":{"line":216,"column":58},"end":{"line":233,"column":1}},"line":216},"9":{"name":"(anonymous_9)","decl":{"start":{"line":238,"column":19},"end":{"line":238,"column":20}},"loc":{"start":{"line":238,"column":39},"end":{"line":247,"column":1}},"line":238},"10":{"name":"(anonymous_10)","decl":{"start":{"line":250,"column":37},"end":{"line":250,"column":38}},"loc":{"start":{"line":250,"column":57},"end":{"line":293,"column":1}},"line":250},"11":{"name":"(anonymous_11)","decl":{"start":{"line":282,"column":32},"end":{"line":282,"column":33}},"loc":{"start":{"line":282,"column":41},"end":{"line":286,"column":5}},"line":282},"12":{"name":"(anonymous_12)","decl":{"start":{"line":283,"column":34},"end":{"line":283,"column":35}},"loc":{"start":{"line":283,"column":41},"end":{"line":283,"column":58}},"line":283},"13":{"name":"(anonymous_13)","decl":{"start":{"line":284,"column":33},"end":{"line":284,"column":34}},"loc":{"start":{"line":284,"column":40},"end":{"line":284,"column":56}},"line":284},"14":{"name":"(anonymous_14)","decl":{"start":{"line":298,"column":14},"end":{"line":298,"column":15}},"loc":{"start":{"line":298,"column":26},"end":{"line":320,"column":1}},"line":298},"15":{"name":"(anonymous_15)","decl":{"start":{"line":310,"column":43},"end":{"line":310,"column":44}},"loc":{"start":{"line":310,"column":49},"end":{"line":312,"column":7}},"line":310}},"branchMap":{"0":{"loc":{"start":{"line":27,"column":2},"end":{"line":31,"column":3}},"type":"if","locations":[{"start":{"line":27,"column":2},"end":{"line":31,"column":3}},{"start":{},"end":{}}],"line":27},"1":{"loc":{"start":{"line":27,"column":6},"end":{"line":27,"column":54}},"type":"binary-expr","locations":[{"start":{"line":27,"column":6},"end":{"line":27,"column":17}},{"start":{"line":27,"column":21},"end":{"line":27,"column":54}}],"line":27},"2":{"loc":{"start":{"line":50,"column":4},"end":{"line":51,"column":74}},"type":"if","locations":[{"start":{"line":50,"column":4},"end":{"line":51,"column":74}},{"start":{},"end":{}}],"line":50},"3":{"loc":{"start":{"line":50,"column":8},"end":{"line":50,"column":40}},"type":"binary-expr","locations":[{"start":{"line":50,"column":8},"end":{"line":50,"column":17}},{"start":{"line":50,"column":21},"end":{"line":50,"column":27}},{"start":{"line":50,"column":31},"end":{"line":50,"column":40}}],"line":50},"4":{"loc":{"start":{"line":54,"column":4},"end":{"line":55,"column":70}},"type":"if","locations":[{"start":{"line":54,"column":4},"end":{"line":55,"column":70}},{"start":{},"end":{}}],"line":54},"5":{"loc":{"start":{"line":85,"column":4},"end":{"line":86,"column":78}},"type":"if","locations":[{"start":{"line":85,"column":4},"end":{"line":86,"column":78}},{"start":{},"end":{}}],"line":85},"6":{"loc":{"start":{"line":85,"column":8},"end":{"line":85,"column":27}},"type":"binary-expr","locations":[{"start":{"line":85,"column":8},"end":{"line":85,"column":14}},{"start":{"line":85,"column":18},"end":{"line":85,"column":27}}],"line":85},"7":{"loc":{"start":{"line":89,"column":4},"end":{"line":89,"column":73}},"type":"if","locations":[{"start":{"line":89,"column":4},"end":{"line":89,"column":73}},{"start":{},"end":{}}],"line":89},"8":{"loc":{"start":{"line":92,"column":4},"end":{"line":92,"column":79}},"type":"if","locations":[{"start":{"line":92,"column":4},"end":{"line":92,"column":79}},{"start":{},"end":{}}],"line":92},"9":{"loc":{"start":{"line":118,"column":4},"end":{"line":118,"column":74}},"type":"if","locations":[{"start":{"line":118,"column":4},"end":{"line":118,"column":74}},{"start":{},"end":{}}],"line":118},"10":{"loc":{"start":{"line":143,"column":4},"end":{"line":143,"column":74}},"type":"if","locations":[{"start":{"line":143,"column":4},"end":{"line":143,"column":74}},{"start":{},"end":{}}],"line":143},"11":{"loc":{"start":{"line":154,"column":4},"end":{"line":155,"column":80}},"type":"if","locations":[{"start":{"line":154,"column":4},"end":{"line":155,"column":80}},{"start":{},"end":{}}],"line":154},"12":{"loc":{"start":{"line":154,"column":8},"end":{"line":154,"column":25}},"type":"binary-expr","locations":[{"start":{"line":154,"column":8},"end":{"line":154,"column":13}},{"start":{"line":154,"column":17},"end":{"line":154,"column":25}}],"line":154},"13":{"loc":{"start":{"line":187,"column":4},"end":{"line":187,"column":74}},"type":"if","locations":[{"start":{"line":187,"column":4},"end":{"line":187,"column":74}},{"start":{},"end":{}}],"line":187},"14":{"loc":{"start":{"line":219,"column":4},"end":{"line":219,"column":74}},"type":"if","locations":[{"start":{"line":219,"column":4},"end":{"line":219,"column":74}},{"start":{},"end":{}}],"line":219},"15":{"loc":{"start":{"line":221,"column":4},"end":{"line":224,"column":65}},"type":"if","locations":[{"start":{"line":221,"column":4},"end":{"line":224,"column":65}},{"start":{},"end":{}}],"line":221},"16":{"loc":{"start":{"line":283,"column":19},"end":{"line":283,"column":71}},"type":"binary-expr","locations":[{"start":{"line":283,"column":19},"end":{"line":283,"column":66}},{"start":{"line":283,"column":70},"end":{"line":283,"column":71}}],"line":283},"17":{"loc":{"start":{"line":284,"column":18},"end":{"line":284,"column":69}},"type":"binary-expr","locations":[{"start":{"line":284,"column":18},"end":{"line":284,"column":64}},{"start":{"line":284,"column":68},"end":{"line":284,"column":69}}],"line":284},"18":{"loc":{"start":{"line":301,"column":4},"end":{"line":306,"column":5}},"type":"if","locations":[{"start":{"line":301,"column":4},"end":{"line":306,"column":5}},{"start":{"line":304,"column":11},"end":{"line":306,"column":5}}],"line":301},"19":{"loc":{"start":{"line":309,"column":4},"end":{"line":315,"column":5}},"type":"if","locations":[{"start":{"line":309,"column":4},"end":{"line":315,"column":5}},{"start":{"line":313,"column":11},"end":{"line":315,"column":5}}],"line":309},"20":{"loc":{"start":{"line":310,"column":17},"end":{"line":310,"column":41}},"type":"binary-expr","locations":[{"start":{"line":310,"column":17},"end":{"line":310,"column":33}},{"start":{"line":310,"column":37},"end":{"line":310,"column":41}}],"line":310},"21":{"loc":{"start":{"line":311,"column":48},"end":{"line":311,"column":72}},"type":"binary-expr","locations":[{"start":{"line":311,"column":48},"end":{"line":311,"column":64}},{"start":{"line":311,"column":68},"end":{"line":311,"column":72}}],"line":311},"22":{"loc":{"start":{"line":318,"column":4},"end":{"line":318,"column":57}},"type":"if","locations":[{"start":{"line":318,"column":4},"end":{"line":318,"column":57}},{"start":{},"end":{}}],"line":318}},"s":{"0":5,"1":5,"2":5,"3":5,"4":5,"5":5,"6":5,"7":5,"8":5,"9":5,"10":5,"11":5,"12":13,"13":13,"14":1,"15":12,"16":12,"17":12,"18":11,"19":11,"20":1,"21":5,"22":13,"23":13,"24":13,"25":0,"26":13,"27":13,"28":10,"29":3,"30":3,"31":3,"32":3,"33":0,"34":5,"35":10,"36":10,"37":10,"38":0,"39":10,"40":10,"41":0,"42":10,"43":10,"44":2,"45":8,"46":8,"47":0,"48":5,"49":0,"50":0,"51":0,"52":0,"53":0,"54":0,"55":5,"56":1,"57":1,"58":1,"59":0,"60":5,"61":1,"62":1,"63":0,"64":0,"65":0,"66":1,"67":5,"68":7,"69":7,"70":7,"71":2,"72":5,"73":5,"74":5,"75":5,"76":0,"77":5,"78":0,"79":0,"80":0,"81":0,"82":0,"83":0,"84":0,"85":0,"86":0,"87":0,"88":0,"89":0,"90":0,"91":5,"92":3,"93":3,"94":3,"95":1,"96":2,"97":1,"98":1,"99":1,"100":1,"101":0,"102":5,"103":2,"104":2,"105":2,"106":0,"107":5,"108":0,"109":0,"110":0,"111":0,"112":0,"113":0,"114":0,"115":0,"116":0,"117":0,"118":0,"119":0,"120":5,"121":5,"122":5,"123":4,"124":4,"125":1,"126":5,"127":0,"128":0,"129":5,"130":0,"131":0,"132":0,"133":5,"134":5},"f":{"0":13,"1":13,"2":10,"3":0,"4":1,"5":1,"6":7,"7":0,"8":3,"9":2,"10":0,"11":0,"12":0,"13":0,"14":5,"15":0},"b":{"0":[1,12],"1":[13,12],"2":[0,13],"3":[13,13,13],"4":[10,3],"5":[0,10],"6":[10,10],"7":[0,10],"8":[2,8],"9":[0,0],"10":[0,0],"11":[2,5],"12":[7,5],"13":[0,0],"14":[1,2],"15":[1,1],"16":[0,0],"17":[0,0],"18":[4,1],"19":[0,5],"20":[0,0],"21":[0,0],"22":[0,0]},"_coverageSchema":"1a1c01bbd47fc00a2c39e90264f33305004495a9","hash":"82c48352df22990298ec7d019f54146cfe222b46"}
,"C:\\Users\\91823\\Desktop\\RippleTalk\\backend\\models\\post.js": {"path":"C:\\Users\\91823\\Desktop\\RippleTalk\\backend\\models\\post.js","statementMap":{"0":{"start":{"line":1,"column":17},"end":{"line":1,"column":36}},"1":{"start":{"line":2,"column":19},"end":{"line":2,"column":27}},"2":{"start":{"line":4,"column":19},"end":{"line":26,"column":1}},"3":{"start":{"line":28,"column":0},"end":{"line":28,"column":52}}},"fnMap":{},"branchMap":{},"s":{"0":5,"1":5,"2":5,"3":5},"f":{},"b":{},"_coverageSchema":"1a1c01bbd47fc00a2c39e90264f33305004495a9","hash":"8369b366f5823bda171daf36d1d8b183d12cc2d3"}
,"C:\\Users\\91823\\Desktop\\RippleTalk\\backend\\models\\ripple.js": {"path":"C:\\Users\\91823\\Desktop\\RippleTalk\\backend\\models\\ripple.js","statementMap":{"0":{"start":{"line":1,"column":17},"end":{"line":1,"column":36}},"1":{"start":{"line":2,"column":19},"end":{"line":2,"column":27}},"2":{"start":{"line":4,"column":21},"end":{"line":16,"column":1}},"3":{"start":{"line":18,"column":0},"end":{"line":18,"column":56}}},"fnMap":{},"branchMap":{},"s":{"0":5,"1":5,"2":5,"3":5},"f":{},"b":{},"_coverageSchema":"1a1c01bbd47fc00a2c39e90264f33305004495a9","hash":"29fcd5bb81c1483457c89b5ec1c0e3b6e55543b5"}
,"C:\\Users\\91823\\Desktop\\RippleTalk\\backend\\models\\user.js": {"path":"C:\\Users\\91823\\Desktop\\RippleTalk\\backend\\models\\user.js","statementMap":{"0":{"start":{"line":1,"column":17},"end":{"line":1,"column":36}},"1":{"start":{"line":2,"column":19},"end":{"line":2,"column":27}},"2":{"start":{"line":4,"column":19},"end":{"line":46,"column":1}},"3":{"start":{"line":48,"column":0},"end":{"line":48,"column":52}}},"fnMap":{},"branchMap":{},"s":{"0":5,"1":5,"2":5,"3":5},"f":{},"b":{},"_coverageSchema":"1a1c01bbd47fc00a2c39e90264f33305004495a9","hash":"947316b45969f2fff3f214fdbc50632400fd4033"}
}
