{"C:\\Users\\91823\\Desktop\\RippleTalk\\backend\\server.js": {"path":"C:\\Users\\91823\\Desktop\\RippleTalk\\backend\\server.js","statementMap":{"0":{"start":{"line":1,"column":0},"end":{"line":1,"column":27}},"1":{"start":{"line":2,"column":16},"end":{"line":2,"column":34}},"2":{"start":{"line":3,"column":17},"end":{"line":3,"column":36}},"3":{"start":{"line":4,"column":15},"end":{"line":4,"column":32}},"4":{"start":{"line":5,"column":12},"end":{"line":5,"column":35}},"5":{"start":{"line":6,"column":13},"end":{"line":6,"column":28}},"6":{"start":{"line":8,"column":13},"end":{"line":8,"column":37}},"7":{"start":{"line":9,"column":13},"end":{"line":9,"column":37}},"8":{"start":{"line":10,"column":15},"end":{"line":10,"column":41}},"9":{"start":{"line":12,"column":12},"end":{"line":12,"column":21}},"10":{"start":{"line":13,"column":0},"end":{"line":13,"column":24}},"11":{"start":{"line":16,"column":0},"end":{"line":22,"column":2}},"12":{"start":{"line":26,"column":21},"end":{"line":26,"column":46}},"13":{"start":{"line":27,"column":2},"end":{"line":31,"column":3}},"14":{"start":{"line":28,"column":4},"end":{"line":30,"column":62}},"15":{"start":{"line":33,"column":16},"end":{"line":33,"column":40}},"16":{"start":{"line":34,"column":2},"end":{"line":40,"column":3}},"17":{"start":{"line":35,"column":20},"end":{"line":35,"column":61}},"18":{"start":{"line":36,"column":4},"end":{"line":36,"column":23}},"19":{"start":{"line":37,"column":4},"end":{"line":37,"column":11}},"20":{"start":{"line":39,"column":4},"end":{"line":39,"column":66}},"21":{"start":{"line":46,"column":0},"end":{"line":78,"column":3}},"22":{"start":{"line":47,"column":2},"end":{"line":77,"column":3}},"23":{"start":{"line":48,"column":42},"end":{"line":48,"column":50}},"24":{"start":{"line":50,"column":4},"end":{"line":51,"column":74}},"25":{"start":{"line":51,"column":6},"end":{"line":51,"column":74}},"26":{"start":{"line":53,"column":25},"end":{"line":53,"column":54}},"27":{"start":{"line":54,"column":4},"end":{"line":55,"column":70}},"28":{"start":{"line":55,"column":6},"end":{"line":55,"column":70}},"29":{"start":{"line":57,"column":27},"end":{"line":57,"column":58}},"30":{"start":{"line":59,"column":20},"end":{"line":63,"column":6}},"31":{"start":{"line":65,"column":4},"end":{"line":65,"column":25}},"32":{"start":{"line":67,"column":4},"end":{"line":74,"column":7}},"33":{"start":{"line":76,"column":4},"end":{"line":76,"column":51}},"34":{"start":{"line":81,"column":0},"end":{"line":112,"column":3}},"35":{"start":{"line":82,"column":2},"end":{"line":111,"column":3}},"36":{"start":{"line":83,"column":32},"end":{"line":83,"column":40}},"37":{"start":{"line":85,"column":4},"end":{"line":86,"column":78}},"38":{"start":{"line":86,"column":6},"end":{"line":86,"column":78}},"39":{"start":{"line":88,"column":17},"end":{"line":88,"column":46}},"40":{"start":{"line":89,"column":4},"end":{"line":89,"column":73}},"41":{"start":{"line":89,"column":15},"end":{"line":89,"column":73}},"42":{"start":{"line":91,"column":20},"end":{"line":91,"column":65}},"43":{"start":{"line":92,"column":4},"end":{"line":92,"column":79}},"44":{"start":{"line":92,"column":18},"end":{"line":92,"column":79}},"45":{"start":{"line":94,"column":18},"end":{"line":98,"column":5}},"46":{"start":{"line":100,"column":4},"end":{"line":108,"column":7}},"47":{"start":{"line":110,"column":4},"end":{"line":110,"column":51}},"48":{"start":{"line":115,"column":0},"end":{"line":123,"column":3}},"49":{"start":{"line":116,"column":2},"end":{"line":122,"column":3}},"50":{"start":{"line":117,"column":17},"end":{"line":117,"column":69}},"51":{"start":{"line":118,"column":4},"end":{"line":118,"column":74}},"52":{"start":{"line":118,"column":15},"end":{"line":118,"column":74}},"53":{"start":{"line":119,"column":4},"end":{"line":119,"column":19}},"54":{"start":{"line":121,"column":4},"end":{"line":121,"column":51}},"55":{"start":{"line":128,"column":0},"end":{"line":137,"column":3}},"56":{"start":{"line":129,"column":2},"end":{"line":136,"column":3}},"57":{"start":{"line":130,"column":18},"end":{"line":132,"column":6}},"58":{"start":{"line":133,"column":4},"end":{"line":133,"column":20}},"59":{"start":{"line":135,"column":4},"end":{"line":135,"column":51}},"60":{"start":{"line":140,"column":0},"end":{"line":148,"column":3}},"61":{"start":{"line":141,"column":2},"end":{"line":147,"column":3}},"62":{"start":{"line":142,"column":17},"end":{"line":142,"column":51}},"63":{"start":{"line":143,"column":4},"end":{"line":143,"column":74}},"64":{"start":{"line":143,"column":15},"end":{"line":143,"column":74}},"65":{"start":{"line":144,"column":4},"end":{"line":144,"column":19}},"66":{"start":{"line":146,"column":4},"end":{"line":146,"column":57}},"67":{"start":{"line":151,"column":0},"end":{"line":177,"column":3}},"68":{"start":{"line":152,"column":2},"end":{"line":176,"column":3}},"69":{"start":{"line":153,"column":30},"end":{"line":153,"column":38}},"70":{"start":{"line":154,"column":4},"end":{"line":155,"column":80}},"71":{"start":{"line":155,"column":6},"end":{"line":155,"column":80}},"72":{"start":{"line":157,"column":20},"end":{"line":161,"column":6}},"73":{"start":{"line":163,"column":4},"end":{"line":163,"column":25}},"74":{"start":{"line":166,"column":4},"end":{"line":168,"column":7}},"75":{"start":{"line":170,"column":4},"end":{"line":173,"column":7}},"76":{"start":{"line":175,"column":4},"end":{"line":175,"column":51}},"77":{"start":{"line":180,"column":0},"end":{"line":197,"column":3}},"78":{"start":{"line":181,"column":2},"end":{"line":196,"column":3}},"79":{"start":{"line":182,"column":17},"end":{"line":182,"column":51}},"80":{"start":{"line":183,"column":4},"end":{"line":183,"column":74}},"81":{"start":{"line":183,"column":15},"end":{"line":183,"column":74}},"82":{"start":{"line":185,"column":4},"end":{"line":188,"column":65}},"83":{"start":{"line":186,"column":6},"end":{"line":188,"column":65}},"84":{"start":{"line":190,"column":4},"end":{"line":190,"column":48}},"85":{"start":{"line":191,"column":4},"end":{"line":191,"column":78}},"86":{"start":{"line":193,"column":4},"end":{"line":193,"column":55}},"87":{"start":{"line":195,"column":4},"end":{"line":195,"column":51}},"88":{"start":{"line":202,"column":0},"end":{"line":211,"column":3}},"89":{"start":{"line":203,"column":2},"end":{"line":210,"column":3}},"90":{"start":{"line":204,"column":18},"end":{"line":206,"column":30}},"91":{"start":{"line":207,"column":4},"end":{"line":207,"column":20}},"92":{"start":{"line":209,"column":4},"end":{"line":209,"column":51}},"93":{"start":{"line":216,"column":14},"end":{"line":238,"column":1}},"94":{"start":{"line":217,"column":2},"end":{"line":237,"column":3}},"95":{"start":{"line":219,"column":4},"end":{"line":224,"column":5}},"96":{"start":{"line":220,"column":6},"end":{"line":220,"column":52}},"97":{"start":{"line":221,"column":6},"end":{"line":221,"column":43}},"98":{"start":{"line":223,"column":6},"end":{"line":223,"column":59}},"99":{"start":{"line":227,"column":4},"end":{"line":233,"column":5}},"100":{"start":{"line":228,"column":6},"end":{"line":230,"column":9}},"101":{"start":{"line":229,"column":8},"end":{"line":229,"column":76}},"102":{"start":{"line":232,"column":6},"end":{"line":232,"column":72}},"103":{"start":{"line":235,"column":4},"end":{"line":235,"column":64}},"104":{"start":{"line":236,"column":4},"end":{"line":236,"column":57}},"105":{"start":{"line":236,"column":41},"end":{"line":236,"column":57}},"106":{"start":{"line":240,"column":0},"end":{"line":240,"column":8}},"107":{"start":{"line":243,"column":0},"end":{"line":243,"column":21}}},"fnMap":{"0":{"name":"verifyToken","decl":{"start":{"line":25,"column":9},"end":{"line":25,"column":20}},"loc":{"start":{"line":25,"column":37},"end":{"line":41,"column":1}},"line":25},"1":{"name":"(anonymous_1)","decl":{"start":{"line":46,"column":22},"end":{"line":46,"column":23}},"loc":{"start":{"line":46,"column":42},"end":{"line":78,"column":1}},"line":46},"2":{"name":"(anonymous_2)","decl":{"start":{"line":81,"column":19},"end":{"line":81,"column":20}},"loc":{"start":{"line":81,"column":39},"end":{"line":112,"column":1}},"line":81},"3":{"name":"(anonymous_3)","decl":{"start":{"line":115,"column":33},"end":{"line":115,"column":34}},"loc":{"start":{"line":115,"column":53},"end":{"line":123,"column":1}},"line":115},"4":{"name":"(anonymous_4)","decl":{"start":{"line":128,"column":34},"end":{"line":128,"column":35}},"loc":{"start":{"line":128,"column":54},"end":{"line":137,"column":1}},"line":128},"5":{"name":"(anonymous_5)","decl":{"start":{"line":140,"column":22},"end":{"line":140,"column":23}},"loc":{"start":{"line":140,"column":42},"end":{"line":148,"column":1}},"line":140},"6":{"name":"(anonymous_6)","decl":{"start":{"line":151,"column":32},"end":{"line":151,"column":33}},"loc":{"start":{"line":151,"column":52},"end":{"line":177,"column":1}},"line":151},"7":{"name":"(anonymous_7)","decl":{"start":{"line":180,"column":38},"end":{"line":180,"column":39}},"loc":{"start":{"line":180,"column":58},"end":{"line":197,"column":1}},"line":180},"8":{"name":"(anonymous_8)","decl":{"start":{"line":202,"column":19},"end":{"line":202,"column":20}},"loc":{"start":{"line":202,"column":39},"end":{"line":211,"column":1}},"line":202},"9":{"name":"(anonymous_9)","decl":{"start":{"line":216,"column":14},"end":{"line":216,"column":15}},"loc":{"start":{"line":216,"column":26},"end":{"line":238,"column":1}},"line":216},"10":{"name":"(anonymous_10)","decl":{"start":{"line":228,"column":43},"end":{"line":228,"column":44}},"loc":{"start":{"line":228,"column":49},"end":{"line":230,"column":7}},"line":228}},"branchMap":{"0":{"loc":{"start":{"line":27,"column":2},"end":{"line":31,"column":3}},"type":"if","locations":[{"start":{"line":27,"column":2},"end":{"line":31,"column":3}},{"start":{},"end":{}}],"line":27},"1":{"loc":{"start":{"line":27,"column":6},"end":{"line":27,"column":54}},"type":"binary-expr","locations":[{"start":{"line":27,"column":6},"end":{"line":27,"column":17}},{"start":{"line":27,"column":21},"end":{"line":27,"column":54}}],"line":27},"2":{"loc":{"start":{"line":50,"column":4},"end":{"line":51,"column":74}},"type":"if","locations":[{"start":{"line":50,"column":4},"end":{"line":51,"column":74}},{"start":{},"end":{}}],"line":50},"3":{"loc":{"start":{"line":50,"column":8},"end":{"line":50,"column":40}},"type":"binary-expr","locations":[{"start":{"line":50,"column":8},"end":{"line":50,"column":17}},{"start":{"line":50,"column":21},"end":{"line":50,"column":27}},{"start":{"line":50,"column":31},"end":{"line":50,"column":40}}],"line":50},"4":{"loc":{"start":{"line":54,"column":4},"end":{"line":55,"column":70}},"type":"if","locations":[{"start":{"line":54,"column":4},"end":{"line":55,"column":70}},{"start":{},"end":{}}],"line":54},"5":{"loc":{"start":{"line":85,"column":4},"end":{"line":86,"column":78}},"type":"if","locations":[{"start":{"line":85,"column":4},"end":{"line":86,"column":78}},{"start":{},"end":{}}],"line":85},"6":{"loc":{"start":{"line":85,"column":8},"end":{"line":85,"column":27}},"type":"binary-expr","locations":[{"start":{"line":85,"column":8},"end":{"line":85,"column":14}},{"start":{"line":85,"column":18},"end":{"line":85,"column":27}}],"line":85},"7":{"loc":{"start":{"line":89,"column":4},"end":{"line":89,"column":73}},"type":"if","locations":[{"start":{"line":89,"column":4},"end":{"line":89,"column":73}},{"start":{},"end":{}}],"line":89},"8":{"loc":{"start":{"line":92,"column":4},"end":{"line":92,"column":79}},"type":"if","locations":[{"start":{"line":92,"column":4},"end":{"line":92,"column":79}},{"start":{},"end":{}}],"line":92},"9":{"loc":{"start":{"line":118,"column":4},"end":{"line":118,"column":74}},"type":"if","locations":[{"start":{"line":118,"column":4},"end":{"line":118,"column":74}},{"start":{},"end":{}}],"line":118},"10":{"loc":{"start":{"line":143,"column":4},"end":{"line":143,"column":74}},"type":"if","locations":[{"start":{"line":143,"column":4},"end":{"line":143,"column":74}},{"start":{},"end":{}}],"line":143},"11":{"loc":{"start":{"line":154,"column":4},"end":{"line":155,"column":80}},"type":"if","locations":[{"start":{"line":154,"column":4},"end":{"line":155,"column":80}},{"start":{},"end":{}}],"line":154},"12":{"loc":{"start":{"line":154,"column":8},"end":{"line":154,"column":25}},"type":"binary-expr","locations":[{"start":{"line":154,"column":8},"end":{"line":154,"column":13}},{"start":{"line":154,"column":17},"end":{"line":154,"column":25}}],"line":154},"13":{"loc":{"start":{"line":183,"column":4},"end":{"line":183,"column":74}},"type":"if","locations":[{"start":{"line":183,"column":4},"end":{"line":183,"column":74}},{"start":{},"end":{}}],"line":183},"14":{"loc":{"start":{"line":185,"column":4},"end":{"line":188,"column":65}},"type":"if","locations":[{"start":{"line":185,"column":4},"end":{"line":188,"column":65}},{"start":{},"end":{}}],"line":185},"15":{"loc":{"start":{"line":219,"column":4},"end":{"line":224,"column":5}},"type":"if","locations":[{"start":{"line":219,"column":4},"end":{"line":224,"column":5}},{"start":{"line":222,"column":11},"end":{"line":224,"column":5}}],"line":219},"16":{"loc":{"start":{"line":227,"column":4},"end":{"line":233,"column":5}},"type":"if","locations":[{"start":{"line":227,"column":4},"end":{"line":233,"column":5}},{"start":{"line":231,"column":11},"end":{"line":233,"column":5}}],"line":227},"17":{"loc":{"start":{"line":228,"column":17},"end":{"line":228,"column":41}},"type":"binary-expr","locations":[{"start":{"line":228,"column":17},"end":{"line":228,"column":33}},{"start":{"line":228,"column":37},"end":{"line":228,"column":41}}],"line":228},"18":{"loc":{"start":{"line":229,"column":48},"end":{"line":229,"column":72}},"type":"binary-expr","locations":[{"start":{"line":229,"column":48},"end":{"line":229,"column":64}},{"start":{"line":229,"column":68},"end":{"line":229,"column":72}}],"line":229},"19":{"loc":{"start":{"line":236,"column":4},"end":{"line":236,"column":57}},"type":"if","locations":[{"start":{"line":236,"column":4},"end":{"line":236,"column":57}},{"start":{},"end":{}}],"line":236}},"s":{"0":4,"1":4,"2":4,"3":4,"4":4,"5":4,"6":4,"7":4,"8":4,"9":4,"10":4,"11":4,"12":7,"13":7,"14":0,"15":7,"16":7,"17":7,"18":7,"19":7,"20":0,"21":4,"22":10,"23":10,"24":10,"25":0,"26":10,"27":10,"28":3,"29":7,"30":7,"31":7,"32":7,"33":0,"34":4,"35":7,"36":7,"37":7,"38":0,"39":7,"40":7,"41":0,"42":7,"43":7,"44":1,"45":6,"46":6,"47":0,"48":4,"49":0,"50":0,"51":0,"52":0,"53":0,"54":0,"55":4,"56":1,"57":1,"58":1,"59":0,"60":4,"61":0,"62":0,"63":0,"64":0,"65":0,"66":0,"67":4,"68":5,"69":5,"70":5,"71":1,"72":4,"73":4,"74":4,"75":4,"76":0,"77":4,"78":1,"79":1,"80":1,"81":0,"82":1,"83":0,"84":1,"85":1,"86":1,"87":0,"88":4,"89":2,"90":2,"91":2,"92":0,"93":4,"94":4,"95":4,"96":4,"97":4,"98":0,"99":4,"100":0,"101":0,"102":4,"103":0,"104":0,"105":0,"106":4,"107":4},"f":{"0":7,"1":10,"2":7,"3":0,"4":1,"5":0,"6":5,"7":1,"8":2,"9":4,"10":0},"b":{"0":[0,7],"1":[7,7],"2":[0,10],"3":[10,10,10],"4":[3,7],"5":[0,7],"6":[7,7],"7":[0,7],"8":[1,6],"9":[0,0],"10":[0,0],"11":[1,4],"12":[5,4],"13":[0,1],"14":[0,1],"15":[4,0],"16":[0,4],"17":[0,0],"18":[0,0],"19":[0,0]},"_coverageSchema":"1a1c01bbd47fc00a2c39e90264f33305004495a9","hash":"9e723033e4cc62a8547e20a7bccb86f8976fef70"}
,"C:\\Users\\91823\\Desktop\\RippleTalk\\backend\\models\\post.js": {"path":"C:\\Users\\91823\\Desktop\\RippleTalk\\backend\\models\\post.js","statementMap":{"0":{"start":{"line":1,"column":17},"end":{"line":1,"column":36}},"1":{"start":{"line":2,"column":19},"end":{"line":2,"column":27}},"2":{"start":{"line":4,"column":19},"end":{"line":26,"column":1}},"3":{"start":{"line":28,"column":0},"end":{"line":28,"column":52}}},"fnMap":{},"branchMap":{},"s":{"0":4,"1":4,"2":4,"3":4},"f":{},"b":{},"_coverageSchema":"1a1c01bbd47fc00a2c39e90264f33305004495a9","hash":"8369b366f5823bda171daf36d1d8b183d12cc2d3"}
,"C:\\Users\\91823\\Desktop\\RippleTalk\\backend\\models\\ripple.js": {"path":"C:\\Users\\91823\\Desktop\\RippleTalk\\backend\\models\\ripple.js","statementMap":{"0":{"start":{"line":1,"column":17},"end":{"line":1,"column":36}},"1":{"start":{"line":2,"column":19},"end":{"line":2,"column":27}},"2":{"start":{"line":4,"column":21},"end":{"line":16,"column":1}},"3":{"start":{"line":18,"column":0},"end":{"line":18,"column":56}}},"fnMap":{},"branchMap":{},"s":{"0":4,"1":4,"2":4,"3":4},"f":{},"b":{},"_coverageSchema":"1a1c01bbd47fc00a2c39e90264f33305004495a9","hash":"29fcd5bb81c1483457c89b5ec1c0e3b6e55543b5"}
,"C:\\Users\\91823\\Desktop\\RippleTalk\\backend\\models\\user.js": {"path":"C:\\Users\\91823\\Desktop\\RippleTalk\\backend\\models\\user.js","statementMap":{"0":{"start":{"line":1,"column":17},"end":{"line":1,"column":36}},"1":{"start":{"line":2,"column":19},"end":{"line":2,"column":27}},"2":{"start":{"line":4,"column":19},"end":{"line":46,"column":1}},"3":{"start":{"line":48,"column":0},"end":{"line":48,"column":52}}},"fnMap":{},"branchMap":{},"s":{"0":4,"1":4,"2":4,"3":4},"f":{},"b":{},"_coverageSchema":"1a1c01bbd47fc00a2c39e90264f33305004495a9","hash":"947316b45969f2fff3f214fdbc50632400fd4033"}
}
