TN:
SF:server.js
FN:25,verifyToken
FN:46,(anonymous_1)
FN:81,(anonymous_2)
FN:115,(anonymous_3)
FN:128,(anonymous_4)
FN:140,(anonymous_5)
FN:151,(anonymous_6)
FN:180,(anonymous_7)
FN:202,(anonymous_8)
FN:216,(anonymous_9)
FN:228,(anonymous_10)
FNF:11
FNH:8
FNDA:7,verifyToken
FNDA:10,(anonymous_1)
FNDA:7,(anonymous_2)
FNDA:0,(anonymous_3)
FNDA:1,(anonymous_4)
FNDA:0,(anonymous_5)
FNDA:5,(anonymous_6)
FNDA:1,(anonymous_7)
FNDA:2,(anonymous_8)
FNDA:4,(anonymous_9)
FNDA:0,(anonymous_10)
DA:1,4
DA:2,4
DA:3,4
DA:4,4
DA:5,4
DA:6,4
DA:8,4
DA:9,4
DA:10,4
DA:12,4
DA:13,4
DA:16,4
DA:26,7
DA:27,7
DA:28,0
DA:33,7
DA:34,7
DA:35,7
DA:36,7
DA:37,7
DA:39,0
DA:46,4
DA:47,10
DA:48,10
DA:50,10
DA:51,0
DA:53,10
DA:54,10
DA:55,3
DA:57,7
DA:59,7
DA:65,7
DA:67,7
DA:76,0
DA:81,4
DA:82,7
DA:83,7
DA:85,7
DA:86,0
DA:88,7
DA:89,7
DA:91,7
DA:92,7
DA:94,6
DA:100,6
DA:110,0
DA:115,4
DA:116,0
DA:117,0
DA:118,0
DA:119,0
DA:121,0
DA:128,4
DA:129,1
DA:130,1
DA:133,1
DA:135,0
DA:140,4
DA:141,0
DA:142,0
DA:143,0
DA:144,0
DA:146,0
DA:151,4
DA:152,5
DA:153,5
DA:154,5
DA:155,1
DA:157,4
DA:163,4
DA:166,4
DA:170,4
DA:175,0
DA:180,4
DA:181,1
DA:182,1
DA:183,1
DA:185,1
DA:186,0
DA:190,1
DA:191,1
DA:193,1
DA:195,0
DA:202,4
DA:203,2
DA:204,2
DA:207,2
DA:209,0
DA:216,4
DA:217,4
DA:219,4
DA:220,4
DA:221,4
DA:223,0
DA:227,4
DA:228,0
DA:229,0
DA:232,4
DA:235,0
DA:236,0
DA:240,4
DA:243,4
LF:102
LH:76
BRDA:27,0,0,0
BRDA:27,0,1,7
BRDA:27,1,0,7
BRDA:27,1,1,7
BRDA:50,2,0,0
BRDA:50,2,1,10
BRDA:50,3,0,10
BRDA:50,3,1,10
BRDA:50,3,2,10
BRDA:54,4,0,3
BRDA:54,4,1,7
BRDA:85,5,0,0
BRDA:85,5,1,7
BRDA:85,6,0,7
BRDA:85,6,1,7
BRDA:89,7,0,0
BRDA:89,7,1,7
BRDA:92,8,0,1
BRDA:92,8,1,6
BRDA:118,9,0,0
BRDA:118,9,1,0
BRDA:143,10,0,0
BRDA:143,10,1,0
BRDA:154,11,0,1
BRDA:154,11,1,4
BRDA:154,12,0,5
BRDA:154,12,1,4
BRDA:183,13,0,0
BRDA:183,13,1,1
BRDA:185,14,0,0
BRDA:185,14,1,1
BRDA:219,15,0,4
BRDA:219,15,1,0
BRDA:227,16,0,0
BRDA:227,16,1,4
BRDA:228,17,0,0
BRDA:228,17,1,0
BRDA:229,18,0,0
BRDA:229,18,1,0
BRDA:236,19,0,0
BRDA:236,19,1,0
BRF:41
BRH:23
end_of_record
TN:
SF:models\post.js
FNF:0
FNH:0
DA:1,4
DA:2,4
DA:4,4
DA:28,4
LF:4
LH:4
BRF:0
BRH:0
end_of_record
TN:
SF:models\ripple.js
FNF:0
FNH:0
DA:1,4
DA:2,4
DA:4,4
DA:18,4
LF:4
LH:4
BRF:0
BRH:0
end_of_record
TN:
SF:models\user.js
FNF:0
FNH:0
DA:1,4
DA:2,4
DA:4,4
DA:48,4
LF:4
LH:4
BRF:0
BRH:0
end_of_record
