TN:
SF:server.js
FN:24,verifyToken
FN:46,(anonymous_1)
FN:83,(anonymous_2)
FN:119,(anonymous_3)
FN:132,(anonymous_4)
FN:144,(anonymous_5)
FN:155,(anonymous_6)
FN:185,(anonymous_7)
FN:220,(anonymous_8)
FN:242,(anonymous_9)
FN:254,(anonymous_10)
FN:286,(anonymous_11)
FN:287,(anonymous_12)
FN:288,(anonymous_13)
FN:302,(anonymous_14)
FN:318,(anonymous_15)
FNF:16
FNH:15
FNDA:23,verifyToken
FNDA:19,(anonymous_1)
FNDA:17,(anonymous_2)
FNDA:1,(anonymous_3)
FNDA:1,(anonymous_4)
FNDA:2,(anonymous_5)
FNDA:11,(anonymous_6)
FNDA:2,(anonymous_7)
FNDA:4,(anonymous_8)
FNDA:7,(anonymous_9)
FNDA:2,(anonymous_10)
FNDA:1,(anonymous_11)
FNDA:2,(anonymous_12)
FNDA:1,(anonymous_13)
FNDA:9,(anonymous_14)
FNDA:0,(anonymous_15)
DA:1,9
DA:2,9
DA:3,9
DA:4,9
DA:5,9
DA:6,9
DA:8,9
DA:9,9
DA:10,9
DA:12,9
DA:13,9
DA:16,9
DA:25,23
DA:26,23
DA:28,1
DA:29,1
DA:32,22
DA:33,22
DA:34,22
DA:35,21
DA:36,21
DA:39,1
DA:46,9
DA:47,19
DA:48,19
DA:50,19
DA:51,1
DA:52,1
DA:55,18
DA:56,18
DA:57,2
DA:59,16
DA:61,16
DA:67,16
DA:69,16
DA:78,0
DA:83,9
DA:84,17
DA:85,17
DA:87,17
DA:88,4
DA:89,4
DA:92,13
DA:93,12
DA:95,12
DA:96,12
DA:98,10
DA:104,10
DA:114,1
DA:119,9
DA:120,1
DA:121,1
DA:122,1
DA:123,0
DA:125,0
DA:132,9
DA:133,1
DA:134,1
DA:137,1
DA:139,0
DA:144,9
DA:145,2
DA:146,2
DA:147,1
DA:148,0
DA:150,1
DA:155,9
DA:156,11
DA:157,11
DA:158,11
DA:159,2
DA:161,9
DA:167,9
DA:170,8
DA:174,7
DA:179,2
DA:185,9
DA:186,2
DA:187,2
DA:190,2
DA:191,1
DA:194,1
DA:197,1
DA:200,1
DA:201,1
DA:203,1
DA:205,1
DA:214,1
DA:215,1
DA:220,9
DA:221,4
DA:222,4
DA:223,3
DA:225,2
DA:226,1
DA:230,1
DA:231,1
DA:233,1
DA:235,1
DA:242,9
DA:243,7
DA:244,7
DA:247,5
DA:249,2
DA:254,9
DA:255,2
DA:256,2
DA:258,2
DA:286,1
DA:287,2
DA:288,1
DA:289,1
DA:292,1
DA:294,1
DA:295,1
DA:302,9
DA:303,9
DA:305,9
DA:306,8
DA:307,8
DA:310,1
DA:314,9
DA:315,0
DA:316,0
DA:317,9
DA:318,0
DA:319,0
DA:322,9
DA:325,0
DA:326,0
DA:330,9
DA:333,9
LF:132
LH:121
BRDA:25,0,0,23
BRDA:25,0,1,1
BRDA:26,1,0,1
BRDA:26,1,1,22
BRDA:50,2,0,1
BRDA:50,2,1,18
BRDA:50,3,0,19
BRDA:50,3,1,18
BRDA:50,3,2,18
BRDA:56,4,0,2
BRDA:56,4,1,16
BRDA:87,5,0,4
BRDA:87,5,1,13
BRDA:87,6,0,17
BRDA:87,6,1,13
BRDA:93,7,0,0
BRDA:93,7,1,12
BRDA:96,8,0,2
BRDA:96,8,1,10
BRDA:122,9,0,1
BRDA:122,9,1,0
BRDA:147,10,0,1
BRDA:147,10,1,0
BRDA:158,11,0,2
BRDA:158,11,1,9
BRDA:158,12,0,11
BRDA:158,12,1,9
BRDA:191,13,0,0
BRDA:191,13,1,1
BRDA:223,14,0,1
BRDA:223,14,1,2
BRDA:225,15,0,1
BRDA:225,15,1,1
BRDA:287,16,0,1
BRDA:287,16,1,0
BRDA:288,17,0,1
BRDA:288,17,1,0
BRDA:305,18,0,8
BRDA:305,18,1,1
BRDA:314,19,0,0
BRDA:314,19,1,9
BRDA:317,20,0,0
BRDA:317,20,1,9
BRDA:318,21,0,0
BRDA:318,21,1,0
BRDA:319,22,0,0
BRDA:319,22,1,0
BRDA:326,23,0,0
BRDA:326,23,1,0
BRF:49
BRH:35
end_of_record
TN:
SF:models\post.js
FNF:0
FNH:0
DA:1,9
DA:2,9
DA:4,9
DA:28,9
LF:4
LH:4
BRF:0
BRH:0
end_of_record
TN:
SF:models\ripple.js
FNF:0
FNH:0
DA:1,9
DA:2,9
DA:4,9
DA:18,9
LF:4
LH:4
BRF:0
BRH:0
end_of_record
TN:
SF:models\user.js
FNF:0
FNH:0
DA:1,9
DA:2,9
DA:4,9
DA:48,9
LF:4
LH:4
BRF:0
BRH:0
end_of_record
